\BOOKMARK [1][-]{section.1}{\376\377\000Q\000u\000i\000z\000\040\0001}{}% 1
\BOOKMARK [2][-]{subsection.1.1}{\376\377\000P\000r\000o\000d\000u\000k\000t\000i\000o\000n\000s\000g\000a\000p}{section.1}% 2
\BOOKMARK [2][-]{subsection.1.2}{\376\377\000I\000n\000f\000l\000a\000t\000i\000o\000n\000,\000\040\000n\000o\000m\000i\000n\000e\000l\000l\000\040\000o\000c\000h\000\040\000r\000e\000a\000l\000\040\000r\000\344\000n\000t\000a}{section.1}% 3
\BOOKMARK [2][-]{subsection.1.3}{\376\377\000R\000e\000a\000l\000\040\000B\000N\000P\000\040\000t\000i\000l\000l\000v\000\344\000x\000t}{section.1}% 4
\BOOKMARK [2][-]{subsection.1.4}{\376\377\000A\000S\000-\000A\000D\000\040\000m\000o\000d\000e\000l\000l\000e\000n}{section.1}% 5
\BOOKMARK [2][-]{subsection.1.5}{\376\377\000P\000h\000i\000l\000l\000i\000p\000s\000k\000u\000r\000v\000a}{section.1}% 6
\BOOKMARK [2][-]{subsection.1.6}{\376\377\000I\000d\000e\000n\000t\000i\000t\000e\000t\000e\000r}{section.1}% 7
\BOOKMARK [1][-]{section.2}{\376\377\000Q\000u\000i\000z\000\040\0002}{}% 8
\BOOKMARK [2][-]{subsection.2.1}{\376\377\000G\000i\000n\000i\000k\000o\000e\000f\000f\000i\000c\000i\000e\000n\000t\000e\000n}{section.2}% 9
\BOOKMARK [2][-]{subsection.2.2}{\376\377\000S\000o\000l\000o\000w\000\040\000m\000o\000d\000e\000l\000l\000e\000n}{section.2}% 10
\BOOKMARK [2][-]{subsection.2.3}{\376\377\000T\000i\000l\000l\000v\000\344\000x\000t\000\040\000d\000e\000k\000o\000m\000p\000o\000n\000e\000r\000i\000n\000g}{section.2}% 11
\BOOKMARK [1][-]{section.3}{\376\377\000Q\000u\000i\000z\000\040\0003}{}% 12
\BOOKMARK [2][-]{subsection.3.1}{\376\377\000P\000h\000i\000l\000l\000i\000p\000s\000k\000u\000r\000v\000a\000n}{section.3}% 13
\BOOKMARK [2][-]{subsection.3.2}{\376\377\000K\000v\000a\000n\000t\000i\000t\000e\000t\000s\000t\000e\000o\000r\000i\000n}{section.3}% 14
\BOOKMARK [2][-]{subsection.3.3}{\376\377\000S\000t\000a\000g\000f\000l\000a\000t\000i\000o\000n}{section.3}% 15
\BOOKMARK [2][-]{subsection.3.4}{\376\377\000K\000a\000p\000i\000t\000a\000l\000a\000c\000k\000u\000m\000u\000l\000e\000r\000i\000n\000g}{section.3}% 16
\BOOKMARK [2][-]{subsection.3.5}{\376\377\000A\000S\040\023\000A\000D\000\040\000f\000\366\000r\000s\000k\000j\000u\000t\000n\000i\000n\000g}{section.3}% 17
\BOOKMARK [1][-]{section.4}{\376\377\000Q\000u\000i\000z\000\040\0004}{}% 18
\BOOKMARK [2][-]{subsection.4.1}{\376\377\000F\000r\000i\000k\000t\000i\000o\000n\000s\000a\000r\000b\000e\000t\000s\000l\000\366\000s\000h\000e\000t}{section.4}% 19
\BOOKMARK [2][-]{subsection.4.2}{\376\377\000H\000o\000r\000i\000z\000o\000n\000t\000e\000l\000l\000\040\000A\000S\000-\000k\000u\000r\000v\000a}{section.4}% 20
\BOOKMARK [2][-]{subsection.4.3}{\376\377\000V\000e\000r\000t\000i\000k\000a\000l\000\040\000A\000S\000-\000k\000u\000r\000v\000a}{section.4}% 21
\BOOKMARK [2][-]{subsection.4.4}{\376\377\000P\000r\000o\000d\000u\000k\000t\000i\000o\000n\000s\000\040\000h\000\344\000n\000d\000e\000l\000s\000e\000r}{section.4}% 22
\BOOKMARK [2][-]{subsection.4.5}{\376\377\000A\000r\000b\000e\000t\000s\000l\000\366\000s\000h\000e\000t}{section.4}% 23
\BOOKMARK [1][-]{section.5}{\376\377\000Q\000u\000i\000z\000\040\0005}{}% 24
\BOOKMARK [2][-]{subsection.5.1}{\376\377\000J\000\344\000m\000n\000v\000i\000k\000t\000s\000\040\000v\000i\000l\000l\000k\000o\000r}{section.5}% 25
\BOOKMARK [2][-]{subsection.5.2}{\376\377\000K\000o\000n\000s\000u\000m\000t\000i\000o\000n\000s\000f\000u\000n\000k\000t\000i\000o\000n\000\040\000m\000e\000d\000\040\000a\000u\000t\000o\000n\000o\000m\000\040\000k\000o\000n\000s\000u\000m\000t\000i\000o\000n}{section.5}% 26
\BOOKMARK [2][-]{subsection.5.3}{\376\377\000D\000i\000s\000p\000o\000n\000i\000b\000e\000l\000\040\000i\000n\000k\000o\000m\000s\000t}{section.5}% 27
\BOOKMARK [2][-]{subsection.5.4}{\376\377\000M\000u\000l\000t\000i\000p\000l\000i\000k\000a\000t\000o\000r\000n}{section.5}% 28
\BOOKMARK [1][-]{section.6}{\376\377\000Q\000u\000i\000z\000\040\0006}{}% 29
\BOOKMARK [2][-]{subsection.6.1}{\376\377\000I\000S\000-\000L\000M\000\040\000m\000o\000d\000e\000l\000l\000e\000n}{section.6}% 30
\BOOKMARK [2][-]{subsection.6.2}{\376\377\000O\000m\000s\000k\000r\000i\000v\000n\000i\000n\000g\000\040\000m\000e\000d\000\040\000A\000D\000-\000A\000S}{section.6}% 31
\BOOKMARK [2][-]{subsection.6.3}{\376\377\000K\000r\000y\000s\000s\000f\000r\000\345\000g\000o\000r}{section.6}% 32
